<?xml version="1.0" encoding="UTF-8"?>
<!-- Generated by org.testng.reporters.JUnitReportReporter -->
<testsuite hostname="LAPTOP-6CDEH61N" failures="0" tests="1" name="scripts.FacebookLike" time="20.364" errors="0" timestamp="2023-02-23T13:13:10 IST" skipped="0">
  <testcase classname="scripts.FacebookLike" name="facebook" time="20.364"/>
  <system-out/>
</testsuite> <!-- scripts.FacebookLike -->
